<<<<<<< HEAD
WARNING - 2023-11-07 03:06:47 --> [DEPRECATED] Creation of dynamic property App\Controllers\Auth::$masyarakatModel is deprecated in APPPATH\Controllers\Auth.php on line 13.
 1 SYSTEMPATH\CodeIgniter.php(914): App\Controllers\Auth->__construct()
 2 SYSTEMPATH\CodeIgniter.php(493): CodeIgniter\CodeIgniter->createController()
 3 SYSTEMPATH\CodeIgniter.php(361): CodeIgniter\CodeIgniter->handleRequest(null, Object(Config\Cache), false)
 4 FCPATH\index.php(79): CodeIgniter\CodeIgniter->run()
 5 SYSTEMPATH\Commands\Server\rewrite.php(47): require_once('C:\\xampp\\htdocs\\Laporin_Aja\\public\\index.php')
WARNING - 2023-11-07 03:06:47 --> [DEPRECATED] Creation of dynamic property App\Controllers\Auth::$PetugasModel is deprecated in APPPATH\Controllers\Auth.php on line 15.
 1 SYSTEMPATH\CodeIgniter.php(914): App\Controllers\Auth->__construct()
 2 SYSTEMPATH\CodeIgniter.php(493): CodeIgniter\CodeIgniter->createController()
 3 SYSTEMPATH\CodeIgniter.php(361): CodeIgniter\CodeIgniter->handleRequest(null, Object(Config\Cache), false)
 4 FCPATH\index.php(79): CodeIgniter\CodeIgniter->run()
 5 SYSTEMPATH\Commands\Server\rewrite.php(47): require_once('C:\\xampp\\htdocs\\Laporin_Aja\\public\\index.php')
WARNING - 2023-11-07 03:06:47 --> [DEPRECATED] Creation of dynamic property App\Controllers\Auth::$validation is deprecated in APPPATH\Controllers\Auth.php on line 18.
 1 SYSTEMPATH\CodeIgniter.php(914): App\Controllers\Auth->__construct()
 2 SYSTEMPATH\CodeIgniter.php(493): CodeIgniter\CodeIgniter->createController()
 3 SYSTEMPATH\CodeIgniter.php(361): CodeIgniter\CodeIgniter->handleRequest(null, Object(Config\Cache), false)
 4 FCPATH\index.php(79): CodeIgniter\CodeIgniter->run()
 5 SYSTEMPATH\Commands\Server\rewrite.php(47): require_once('C:\\xampp\\htdocs\\Laporin_Aja\\public\\index.php')
INFO - 2023-11-07 03:06:47 --> Session: Class initialized using 'CodeIgniter\Session\Handlers\FileHandler' driver.
WARNING - 2023-11-07 03:06:47 --> [DEPRECATED] Creation of dynamic property App\Controllers\Auth::$session is deprecated in APPPATH\Controllers\Auth.php on line 21.
 1 SYSTEMPATH\CodeIgniter.php(914): App\Controllers\Auth->__construct()
 2 SYSTEMPATH\CodeIgniter.php(493): CodeIgniter\CodeIgniter->createController()
 3 SYSTEMPATH\CodeIgniter.php(361): CodeIgniter\CodeIgniter->handleRequest(null, Object(Config\Cache), false)
 4 FCPATH\index.php(79): CodeIgniter\CodeIgniter->run()
 5 SYSTEMPATH\Commands\Server\rewrite.php(47): require_once('C:\\xampp\\htdocs\\Laporin_Aja\\public\\index.php')
ERROR - 2023-11-07 03:06:47 --> Error connecting to the database: mysqli_sql_exception: Unknown database 'laporin_aja' in C:\xampp\htdocs\Laporin_Aja\system\Database\MySQLi\Connection.php:184
Stack trace:
#0 C:\xampp\htdocs\Laporin_Aja\system\Database\MySQLi\Connection.php(184): mysqli->real_connect('127.0.0.1', 'root', Object(SensitiveParameterValue), 'laporin_aja', 3306, '', 0)
#1 C:\xampp\htdocs\Laporin_Aja\system\Database\BaseConnection.php(392): CodeIgniter\Database\MySQLi\Connection->connect(false)
#2 C:\xampp\htdocs\Laporin_Aja\system\Database\BaseConnection.php(575): CodeIgniter\Database\BaseConnection->initialize()
#3 C:\xampp\htdocs\Laporin_Aja\system\Database\BaseBuilder.php(1615): CodeIgniter\Database\BaseConnection->query('SELECT *\nFROM `...', Array, false)
#4 C:\xampp\htdocs\Laporin_Aja\system\Model.php(264): CodeIgniter\Database\BaseBuilder->get()
#5 C:\xampp\htdocs\Laporin_Aja\system\BaseModel.php(662): CodeIgniter\Model->doFirst()
#6 C:\xampp\htdocs\Laporin_Aja\app\Controllers\Auth.php(80): CodeIgniter\BaseModel->first()
#7 C:\xampp\htdocs\Laporin_Aja\system\CodeIgniter.php(942): App\Controllers\Auth->valid_login()
#8 C:\xampp\htdocs\Laporin_Aja\system\CodeIgniter.php(502): CodeIgniter\CodeIgniter->runController(Object(App\Controllers\Auth))
#9 C:\xampp\htdocs\Laporin_Aja\system\CodeIgniter.php(361): CodeIgniter\CodeIgniter->handleRequest(NULL, Object(Config\Cache), false)
#10 C:\xampp\htdocs\Laporin_Aja\public\index.php(79): CodeIgniter\CodeIgniter->run()
#11 C:\xampp\htdocs\Laporin_Aja\system\Commands\Server\rewrite.php(47): require_once('C:\\xampp\\htdocs...')
#12 {main}

Next CodeIgniter\Database\Exceptions\DatabaseException: Unknown database 'laporin_aja' in C:\xampp\htdocs\Laporin_Aja\system\Database\MySQLi\Connection.php:229
Stack trace:
#0 C:\xampp\htdocs\Laporin_Aja\system\Database\BaseConnection.php(392): CodeIgniter\Database\MySQLi\Connection->connect(false)
#1 C:\xampp\htdocs\Laporin_Aja\system\Database\BaseConnection.php(575): CodeIgniter\Database\BaseConnection->initialize()
#2 C:\xampp\htdocs\Laporin_Aja\system\Database\BaseBuilder.php(1615): CodeIgniter\Database\BaseConnection->query('SELECT *\nFROM `...', Array, false)
#3 C:\xampp\htdocs\Laporin_Aja\system\Model.php(264): CodeIgniter\Database\BaseBuilder->get()
#4 C:\xampp\htdocs\Laporin_Aja\system\BaseModel.php(662): CodeIgniter\Model->doFirst()
#5 C:\xampp\htdocs\Laporin_Aja\app\Controllers\Auth.php(80): CodeIgniter\BaseModel->first()
#6 C:\xampp\htdocs\Laporin_Aja\system\CodeIgniter.php(942): App\Controllers\Auth->valid_login()
#7 C:\xampp\htdocs\Laporin_Aja\system\CodeIgniter.php(502): CodeIgniter\CodeIgniter->runController(Object(App\Controllers\Auth))
#8 C:\xampp\htdocs\Laporin_Aja\system\CodeIgniter.php(361): CodeIgniter\CodeIgniter->handleRequest(NULL, Object(Config\Cache), false)
#9 C:\xampp\htdocs\Laporin_Aja\public\index.php(79): CodeIgniter\CodeIgniter->run()
#10 C:\xampp\htdocs\Laporin_Aja\system\Commands\Server\rewrite.php(47): require_once('C:\\xampp\\htdocs...')
#11 {main}
CRITICAL - 2023-11-07 03:06:47 --> Unable to connect to the database.
Main connection [MySQLi]: Unknown database 'laporin_aja'
in SYSTEMPATH\Database\BaseConnection.php on line 428.
 1 SYSTEMPATH\Database\BaseConnection.php(575): CodeIgniter\Database\BaseConnection->initialize()
 2 SYSTEMPATH\Database\BaseBuilder.php(1615): CodeIgniter\Database\BaseConnection->query('SELECT *
FROM `masyarakat`
WHERE `username` = :username:
 LIMIT 1', [...], false)
 3 SYSTEMPATH\Model.php(264): CodeIgniter\Database\BaseBuilder->get()
 4 SYSTEMPATH\BaseModel.php(662): CodeIgniter\Model->doFirst()
 5 APPPATH\Controllers\Auth.php(80): CodeIgniter\BaseModel->first()
 6 SYSTEMPATH\CodeIgniter.php(942): App\Controllers\Auth->valid_login()
 7 SYSTEMPATH\CodeIgniter.php(502): CodeIgniter\CodeIgniter->runController(Object(App\Controllers\Auth))
 8 SYSTEMPATH\CodeIgniter.php(361): CodeIgniter\CodeIgniter->handleRequest(null, Object(Config\Cache), false)
 9 FCPATH\index.php(79): CodeIgniter\CodeIgniter->run()
10 SYSTEMPATH\Commands\Server\rewrite.php(47): require_once('C:\\xampp\\htdocs\\Laporin_Aja\\public\\index.php')
WARNING - 2023-11-07 03:26:14 --> [DEPRECATED] Creation of dynamic property App\Controllers\Auth::$masyarakatModel is deprecated in APPPATH\Controllers\Auth.php on line 13.
 1 SYSTEMPATH\CodeIgniter.php(914): App\Controllers\Auth->__construct()
 2 SYSTEMPATH\CodeIgniter.php(493): CodeIgniter\CodeIgniter->createController()
 3 SYSTEMPATH\CodeIgniter.php(361): CodeIgniter\CodeIgniter->handleRequest(null, Object(Config\Cache), false)
 4 FCPATH\index.php(79): CodeIgniter\CodeIgniter->run()
 5 SYSTEMPATH\Commands\Server\rewrite.php(47): require_once('C:\\xampp\\htdocs\\Laporin_Aja\\public\\index.php')
WARNING - 2023-11-07 03:26:14 --> [DEPRECATED] Creation of dynamic property App\Controllers\Auth::$PetugasModel is deprecated in APPPATH\Controllers\Auth.php on line 15.
 1 SYSTEMPATH\CodeIgniter.php(914): App\Controllers\Auth->__construct()
 2 SYSTEMPATH\CodeIgniter.php(493): CodeIgniter\CodeIgniter->createController()
 3 SYSTEMPATH\CodeIgniter.php(361): CodeIgniter\CodeIgniter->handleRequest(null, Object(Config\Cache), false)
 4 FCPATH\index.php(79): CodeIgniter\CodeIgniter->run()
 5 SYSTEMPATH\Commands\Server\rewrite.php(47): require_once('C:\\xampp\\htdocs\\Laporin_Aja\\public\\index.php')
WARNING - 2023-11-07 03:26:14 --> [DEPRECATED] Creation of dynamic property App\Controllers\Auth::$validation is deprecated in APPPATH\Controllers\Auth.php on line 18.
 1 SYSTEMPATH\CodeIgniter.php(914): App\Controllers\Auth->__construct()
 2 SYSTEMPATH\CodeIgniter.php(493): CodeIgniter\CodeIgniter->createController()
 3 SYSTEMPATH\CodeIgniter.php(361): CodeIgniter\CodeIgniter->handleRequest(null, Object(Config\Cache), false)
 4 FCPATH\index.php(79): CodeIgniter\CodeIgniter->run()
 5 SYSTEMPATH\Commands\Server\rewrite.php(47): require_once('C:\\xampp\\htdocs\\Laporin_Aja\\public\\index.php')
INFO - 2023-11-07 03:26:14 --> Session: Class initialized using 'CodeIgniter\Session\Handlers\FileHandler' driver.
WARNING - 2023-11-07 03:26:14 --> [DEPRECATED] Creation of dynamic property App\Controllers\Auth::$session is deprecated in APPPATH\Controllers\Auth.php on line 21.
 1 SYSTEMPATH\CodeIgniter.php(914): App\Controllers\Auth->__construct()
 2 SYSTEMPATH\CodeIgniter.php(493): CodeIgniter\CodeIgniter->createController()
 3 SYSTEMPATH\CodeIgniter.php(361): CodeIgniter\CodeIgniter->handleRequest(null, Object(Config\Cache), false)
 4 FCPATH\index.php(79): CodeIgniter\CodeIgniter->run()
 5 SYSTEMPATH\Commands\Server\rewrite.php(47): require_once('C:\\xampp\\htdocs\\Laporin_Aja\\public\\index.php')
ERROR - 2023-11-07 03:26:14 --> Error connecting to the database: mysqli_sql_exception: Unknown database 'laporin_aja' in C:\xampp\htdocs\Laporin_Aja\system\Database\MySQLi\Connection.php:184
Stack trace:
#0 C:\xampp\htdocs\Laporin_Aja\system\Database\MySQLi\Connection.php(184): mysqli->real_connect('127.0.0.1', 'root', Object(SensitiveParameterValue), 'laporin_aja', 3306, '', 0)
#1 C:\xampp\htdocs\Laporin_Aja\system\Database\BaseConnection.php(392): CodeIgniter\Database\MySQLi\Connection->connect(false)
#2 C:\xampp\htdocs\Laporin_Aja\system\Database\BaseConnection.php(575): CodeIgniter\Database\BaseConnection->initialize()
#3 C:\xampp\htdocs\Laporin_Aja\system\Database\BaseBuilder.php(1615): CodeIgniter\Database\BaseConnection->query('SELECT *\nFROM `...', Array, false)
#4 C:\xampp\htdocs\Laporin_Aja\system\Model.php(264): CodeIgniter\Database\BaseBuilder->get()
#5 C:\xampp\htdocs\Laporin_Aja\system\BaseModel.php(662): CodeIgniter\Model->doFirst()
#6 C:\xampp\htdocs\Laporin_Aja\app\Controllers\Auth.php(80): CodeIgniter\BaseModel->first()
#7 C:\xampp\htdocs\Laporin_Aja\system\CodeIgniter.php(942): App\Controllers\Auth->valid_login()
#8 C:\xampp\htdocs\Laporin_Aja\system\CodeIgniter.php(502): CodeIgniter\CodeIgniter->runController(Object(App\Controllers\Auth))
#9 C:\xampp\htdocs\Laporin_Aja\system\CodeIgniter.php(361): CodeIgniter\CodeIgniter->handleRequest(NULL, Object(Config\Cache), false)
#10 C:\xampp\htdocs\Laporin_Aja\public\index.php(79): CodeIgniter\CodeIgniter->run()
#11 C:\xampp\htdocs\Laporin_Aja\system\Commands\Server\rewrite.php(47): require_once('C:\\xampp\\htdocs...')
#12 {main}

Next CodeIgniter\Database\Exceptions\DatabaseException: Unknown database 'laporin_aja' in C:\xampp\htdocs\Laporin_Aja\system\Database\MySQLi\Connection.php:229
Stack trace:
#0 C:\xampp\htdocs\Laporin_Aja\system\Database\BaseConnection.php(392): CodeIgniter\Database\MySQLi\Connection->connect(false)
#1 C:\xampp\htdocs\Laporin_Aja\system\Database\BaseConnection.php(575): CodeIgniter\Database\BaseConnection->initialize()
#2 C:\xampp\htdocs\Laporin_Aja\system\Database\BaseBuilder.php(1615): CodeIgniter\Database\BaseConnection->query('SELECT *\nFROM `...', Array, false)
#3 C:\xampp\htdocs\Laporin_Aja\system\Model.php(264): CodeIgniter\Database\BaseBuilder->get()
#4 C:\xampp\htdocs\Laporin_Aja\system\BaseModel.php(662): CodeIgniter\Model->doFirst()
#5 C:\xampp\htdocs\Laporin_Aja\app\Controllers\Auth.php(80): CodeIgniter\BaseModel->first()
#6 C:\xampp\htdocs\Laporin_Aja\system\CodeIgniter.php(942): App\Controllers\Auth->valid_login()
#7 C:\xampp\htdocs\Laporin_Aja\system\CodeIgniter.php(502): CodeIgniter\CodeIgniter->runController(Object(App\Controllers\Auth))
#8 C:\xampp\htdocs\Laporin_Aja\system\CodeIgniter.php(361): CodeIgniter\CodeIgniter->handleRequest(NULL, Object(Config\Cache), false)
#9 C:\xampp\htdocs\Laporin_Aja\public\index.php(79): CodeIgniter\CodeIgniter->run()
#10 C:\xampp\htdocs\Laporin_Aja\system\Commands\Server\rewrite.php(47): require_once('C:\\xampp\\htdocs...')
#11 {main}
CRITICAL - 2023-11-07 03:26:14 --> Unable to connect to the database.
Main connection [MySQLi]: Unknown database 'laporin_aja'
in SYSTEMPATH\Database\BaseConnection.php on line 428.
 1 SYSTEMPATH\Database\BaseConnection.php(575): CodeIgniter\Database\BaseConnection->initialize()
 2 SYSTEMPATH\Database\BaseBuilder.php(1615): CodeIgniter\Database\BaseConnection->query('SELECT *
FROM `masyarakat`
WHERE `username` = :username:
 LIMIT 1', [...], false)
 3 SYSTEMPATH\Model.php(264): CodeIgniter\Database\BaseBuilder->get()
 4 SYSTEMPATH\BaseModel.php(662): CodeIgniter\Model->doFirst()
 5 APPPATH\Controllers\Auth.php(80): CodeIgniter\BaseModel->first()
 6 SYSTEMPATH\CodeIgniter.php(942): App\Controllers\Auth->valid_login()
 7 SYSTEMPATH\CodeIgniter.php(502): CodeIgniter\CodeIgniter->runController(Object(App\Controllers\Auth))
 8 SYSTEMPATH\CodeIgniter.php(361): CodeIgniter\CodeIgniter->handleRequest(null, Object(Config\Cache), false)
 9 FCPATH\index.php(79): CodeIgniter\CodeIgniter->run()
10 SYSTEMPATH\Commands\Server\rewrite.php(47): require_once('C:\\xampp\\htdocs\\Laporin_Aja\\public\\index.php')
WARNING - 2023-11-07 03:26:31 --> [DEPRECATED] Creation of dynamic property App\Controllers\Auth::$masyarakatModel is deprecated in APPPATH\Controllers\Auth.php on line 13.
 1 SYSTEMPATH\CodeIgniter.php(914): App\Controllers\Auth->__construct()
 2 SYSTEMPATH\CodeIgniter.php(493): CodeIgniter\CodeIgniter->createController()
 3 SYSTEMPATH\CodeIgniter.php(361): CodeIgniter\CodeIgniter->handleRequest(null, Object(Config\Cache), false)
 4 FCPATH\index.php(79): CodeIgniter\CodeIgniter->run()
 5 SYSTEMPATH\Commands\Server\rewrite.php(47): require_once('C:\\xampp\\htdocs\\Laporin_Aja\\public\\index.php')
WARNING - 2023-11-07 03:26:31 --> [DEPRECATED] Creation of dynamic property App\Controllers\Auth::$PetugasModel is deprecated in APPPATH\Controllers\Auth.php on line 15.
 1 SYSTEMPATH\CodeIgniter.php(914): App\Controllers\Auth->__construct()
 2 SYSTEMPATH\CodeIgniter.php(493): CodeIgniter\CodeIgniter->createController()
 3 SYSTEMPATH\CodeIgniter.php(361): CodeIgniter\CodeIgniter->handleRequest(null, Object(Config\Cache), false)
 4 FCPATH\index.php(79): CodeIgniter\CodeIgniter->run()
 5 SYSTEMPATH\Commands\Server\rewrite.php(47): require_once('C:\\xampp\\htdocs\\Laporin_Aja\\public\\index.php')
WARNING - 2023-11-07 03:26:31 --> [DEPRECATED] Creation of dynamic property App\Controllers\Auth::$validation is deprecated in APPPATH\Controllers\Auth.php on line 18.
 1 SYSTEMPATH\CodeIgniter.php(914): App\Controllers\Auth->__construct()
 2 SYSTEMPATH\CodeIgniter.php(493): CodeIgniter\CodeIgniter->createController()
 3 SYSTEMPATH\CodeIgniter.php(361): CodeIgniter\CodeIgniter->handleRequest(null, Object(Config\Cache), false)
 4 FCPATH\index.php(79): CodeIgniter\CodeIgniter->run()
 5 SYSTEMPATH\Commands\Server\rewrite.php(47): require_once('C:\\xampp\\htdocs\\Laporin_Aja\\public\\index.php')
INFO - 2023-11-07 03:26:31 --> Session: Class initialized using 'CodeIgniter\Session\Handlers\FileHandler' driver.
WARNING - 2023-11-07 03:26:31 --> [DEPRECATED] Creation of dynamic property App\Controllers\Auth::$session is deprecated in APPPATH\Controllers\Auth.php on line 21.
 1 SYSTEMPATH\CodeIgniter.php(914): App\Controllers\Auth->__construct()
 2 SYSTEMPATH\CodeIgniter.php(493): CodeIgniter\CodeIgniter->createController()
 3 SYSTEMPATH\CodeIgniter.php(361): CodeIgniter\CodeIgniter->handleRequest(null, Object(Config\Cache), false)
 4 FCPATH\index.php(79): CodeIgniter\CodeIgniter->run()
 5 SYSTEMPATH\Commands\Server\rewrite.php(47): require_once('C:\\xampp\\htdocs\\Laporin_Aja\\public\\index.php')
ERROR - 2023-11-07 03:26:31 --> Error connecting to the database: mysqli_sql_exception: Unknown database 'laporin_aja' in C:\xampp\htdocs\Laporin_Aja\system\Database\MySQLi\Connection.php:184
Stack trace:
#0 C:\xampp\htdocs\Laporin_Aja\system\Database\MySQLi\Connection.php(184): mysqli->real_connect('127.0.0.1', 'root', Object(SensitiveParameterValue), 'laporin_aja', 3306, '', 0)
#1 C:\xampp\htdocs\Laporin_Aja\system\Database\BaseConnection.php(392): CodeIgniter\Database\MySQLi\Connection->connect(false)
#2 C:\xampp\htdocs\Laporin_Aja\system\Database\BaseConnection.php(575): CodeIgniter\Database\BaseConnection->initialize()
#3 C:\xampp\htdocs\Laporin_Aja\system\Database\BaseBuilder.php(1615): CodeIgniter\Database\BaseConnection->query('SELECT *\nFROM `...', Array, false)
#4 C:\xampp\htdocs\Laporin_Aja\system\Model.php(264): CodeIgniter\Database\BaseBuilder->get()
#5 C:\xampp\htdocs\Laporin_Aja\system\BaseModel.php(662): CodeIgniter\Model->doFirst()
#6 C:\xampp\htdocs\Laporin_Aja\app\Controllers\Auth.php(80): CodeIgniter\BaseModel->first()
#7 C:\xampp\htdocs\Laporin_Aja\system\CodeIgniter.php(942): App\Controllers\Auth->valid_login()
#8 C:\xampp\htdocs\Laporin_Aja\system\CodeIgniter.php(502): CodeIgniter\CodeIgniter->runController(Object(App\Controllers\Auth))
#9 C:\xampp\htdocs\Laporin_Aja\system\CodeIgniter.php(361): CodeIgniter\CodeIgniter->handleRequest(NULL, Object(Config\Cache), false)
#10 C:\xampp\htdocs\Laporin_Aja\public\index.php(79): CodeIgniter\CodeIgniter->run()
#11 C:\xampp\htdocs\Laporin_Aja\system\Commands\Server\rewrite.php(47): require_once('C:\\xampp\\htdocs...')
#12 {main}

Next CodeIgniter\Database\Exceptions\DatabaseException: Unknown database 'laporin_aja' in C:\xampp\htdocs\Laporin_Aja\system\Database\MySQLi\Connection.php:229
Stack trace:
#0 C:\xampp\htdocs\Laporin_Aja\system\Database\BaseConnection.php(392): CodeIgniter\Database\MySQLi\Connection->connect(false)
#1 C:\xampp\htdocs\Laporin_Aja\system\Database\BaseConnection.php(575): CodeIgniter\Database\BaseConnection->initialize()
#2 C:\xampp\htdocs\Laporin_Aja\system\Database\BaseBuilder.php(1615): CodeIgniter\Database\BaseConnection->query('SELECT *\nFROM `...', Array, false)
#3 C:\xampp\htdocs\Laporin_Aja\system\Model.php(264): CodeIgniter\Database\BaseBuilder->get()
#4 C:\xampp\htdocs\Laporin_Aja\system\BaseModel.php(662): CodeIgniter\Model->doFirst()
#5 C:\xampp\htdocs\Laporin_Aja\app\Controllers\Auth.php(80): CodeIgniter\BaseModel->first()
#6 C:\xampp\htdocs\Laporin_Aja\system\CodeIgniter.php(942): App\Controllers\Auth->valid_login()
#7 C:\xampp\htdocs\Laporin_Aja\system\CodeIgniter.php(502): CodeIgniter\CodeIgniter->runController(Object(App\Controllers\Auth))
#8 C:\xampp\htdocs\Laporin_Aja\system\CodeIgniter.php(361): CodeIgniter\CodeIgniter->handleRequest(NULL, Object(Config\Cache), false)
#9 C:\xampp\htdocs\Laporin_Aja\public\index.php(79): CodeIgniter\CodeIgniter->run()
#10 C:\xampp\htdocs\Laporin_Aja\system\Commands\Server\rewrite.php(47): require_once('C:\\xampp\\htdocs...')
#11 {main}
CRITICAL - 2023-11-07 03:26:31 --> Unable to connect to the database.
Main connection [MySQLi]: Unknown database 'laporin_aja'
in SYSTEMPATH\Database\BaseConnection.php on line 428.
 1 SYSTEMPATH\Database\BaseConnection.php(575): CodeIgniter\Database\BaseConnection->initialize()
 2 SYSTEMPATH\Database\BaseBuilder.php(1615): CodeIgniter\Database\BaseConnection->query('SELECT *
FROM `masyarakat`
WHERE `username` = :username:
 LIMIT 1', [...], false)
 3 SYSTEMPATH\Model.php(264): CodeIgniter\Database\BaseBuilder->get()
 4 SYSTEMPATH\BaseModel.php(662): CodeIgniter\Model->doFirst()
 5 APPPATH\Controllers\Auth.php(80): CodeIgniter\BaseModel->first()
 6 SYSTEMPATH\CodeIgniter.php(942): App\Controllers\Auth->valid_login()
 7 SYSTEMPATH\CodeIgniter.php(502): CodeIgniter\CodeIgniter->runController(Object(App\Controllers\Auth))
 8 SYSTEMPATH\CodeIgniter.php(361): CodeIgniter\CodeIgniter->handleRequest(null, Object(Config\Cache), false)
 9 FCPATH\index.php(79): CodeIgniter\CodeIgniter->run()
10 SYSTEMPATH\Commands\Server\rewrite.php(47): require_once('C:\\xampp\\htdocs\\Laporin_Aja\\public\\index.php')
INFO - 2023-11-07 03:48:44 --> Session: Class initialized using 'CodeIgniter\Session\Handlers\FileHandler' driver.
WARNING - 2023-11-07 03:49:21 --> [DEPRECATED] Creation of dynamic property App\Controllers\Auth::$masyarakatModel is deprecated in APPPATH\Controllers\Auth.php on line 13.
 1 SYSTEMPATH\CodeIgniter.php(914): App\Controllers\Auth->__construct()
 2 SYSTEMPATH\CodeIgniter.php(493): CodeIgniter\CodeIgniter->createController()
 3 SYSTEMPATH\CodeIgniter.php(361): CodeIgniter\CodeIgniter->handleRequest(null, Object(Config\Cache), false)
 4 FCPATH\index.php(79): CodeIgniter\CodeIgniter->run()
 5 SYSTEMPATH\Commands\Server\rewrite.php(47): require_once('C:\\xampp\\htdocs\\Laporin_Aja\\public\\index.php')
WARNING - 2023-11-07 03:49:21 --> [DEPRECATED] Creation of dynamic property App\Controllers\Auth::$PetugasModel is deprecated in APPPATH\Controllers\Auth.php on line 15.
 1 SYSTEMPATH\CodeIgniter.php(914): App\Controllers\Auth->__construct()
 2 SYSTEMPATH\CodeIgniter.php(493): CodeIgniter\CodeIgniter->createController()
 3 SYSTEMPATH\CodeIgniter.php(361): CodeIgniter\CodeIgniter->handleRequest(null, Object(Config\Cache), false)
 4 FCPATH\index.php(79): CodeIgniter\CodeIgniter->run()
 5 SYSTEMPATH\Commands\Server\rewrite.php(47): require_once('C:\\xampp\\htdocs\\Laporin_Aja\\public\\index.php')
WARNING - 2023-11-07 03:49:21 --> [DEPRECATED] Creation of dynamic property App\Controllers\Auth::$validation is deprecated in APPPATH\Controllers\Auth.php on line 18.
 1 SYSTEMPATH\CodeIgniter.php(914): App\Controllers\Auth->__construct()
 2 SYSTEMPATH\CodeIgniter.php(493): CodeIgniter\CodeIgniter->createController()
 3 SYSTEMPATH\CodeIgniter.php(361): CodeIgniter\CodeIgniter->handleRequest(null, Object(Config\Cache), false)
 4 FCPATH\index.php(79): CodeIgniter\CodeIgniter->run()
 5 SYSTEMPATH\Commands\Server\rewrite.php(47): require_once('C:\\xampp\\htdocs\\Laporin_Aja\\public\\index.php')
INFO - 2023-11-07 03:49:21 --> Session: Class initialized using 'CodeIgniter\Session\Handlers\FileHandler' driver.
WARNING - 2023-11-07 03:49:21 --> [DEPRECATED] Creation of dynamic property App\Controllers\Auth::$session is deprecated in APPPATH\Controllers\Auth.php on line 21.
 1 SYSTEMPATH\CodeIgniter.php(914): App\Controllers\Auth->__construct()
 2 SYSTEMPATH\CodeIgniter.php(493): CodeIgniter\CodeIgniter->createController()
 3 SYSTEMPATH\CodeIgniter.php(361): CodeIgniter\CodeIgniter->handleRequest(null, Object(Config\Cache), false)
 4 FCPATH\index.php(79): CodeIgniter\CodeIgniter->run()
 5 SYSTEMPATH\Commands\Server\rewrite.php(47): require_once('C:\\xampp\\htdocs\\Laporin_Aja\\public\\index.php')
ERROR - 2023-11-07 03:49:21 --> Error connecting to the database: mysqli_sql_exception: Unknown database 'laporin_aja' in C:\xampp\htdocs\Laporin_Aja\system\Database\MySQLi\Connection.php:184
Stack trace:
#0 C:\xampp\htdocs\Laporin_Aja\system\Database\MySQLi\Connection.php(184): mysqli->real_connect('127.0.0.1', 'root', Object(SensitiveParameterValue), 'laporin_aja', 3306, '', 0)
#1 C:\xampp\htdocs\Laporin_Aja\system\Database\BaseConnection.php(392): CodeIgniter\Database\MySQLi\Connection->connect(false)
#2 C:\xampp\htdocs\Laporin_Aja\system\Database\BaseConnection.php(575): CodeIgniter\Database\BaseConnection->initialize()
#3 C:\xampp\htdocs\Laporin_Aja\system\Database\BaseBuilder.php(1615): CodeIgniter\Database\BaseConnection->query('SELECT 1\nFROM `...', Array, false)
#4 C:\xampp\htdocs\Laporin_Aja\system\Validation\StrictRules\Rules.php(212): CodeIgniter\Database\BaseBuilder->get()
#5 C:\xampp\htdocs\Laporin_Aja\system\Validation\Validation.php(311): CodeIgniter\Validation\StrictRules\Rules->is_unique('FAJARSHIDIK', 'username', Array, NULL, 'username')
#6 C:\xampp\htdocs\Laporin_Aja\system\Validation\Validation.php(197): CodeIgniter\Validation\Validation->processRules('username', 'username', 'FAJARSHIDIK', Array, Array)
#7 C:\xampp\htdocs\Laporin_Aja\app\Controllers\Auth.php(42): CodeIgniter\Validation\Validation->run(Array, 'register')
#8 C:\xampp\htdocs\Laporin_Aja\system\CodeIgniter.php(942): App\Controllers\Auth->valid_register()
#9 C:\xampp\htdocs\Laporin_Aja\system\CodeIgniter.php(502): CodeIgniter\CodeIgniter->runController(Object(App\Controllers\Auth))
#10 C:\xampp\htdocs\Laporin_Aja\system\CodeIgniter.php(361): CodeIgniter\CodeIgniter->handleRequest(NULL, Object(Config\Cache), false)
#11 C:\xampp\htdocs\Laporin_Aja\public\index.php(79): CodeIgniter\CodeIgniter->run()
#12 C:\xampp\htdocs\Laporin_Aja\system\Commands\Server\rewrite.php(47): require_once('C:\\xampp\\htdocs...')
#13 {main}

Next CodeIgniter\Database\Exceptions\DatabaseException: Unknown database 'laporin_aja' in C:\xampp\htdocs\Laporin_Aja\system\Database\MySQLi\Connection.php:229
Stack trace:
#0 C:\xampp\htdocs\Laporin_Aja\system\Database\BaseConnection.php(392): CodeIgniter\Database\MySQLi\Connection->connect(false)
#1 C:\xampp\htdocs\Laporin_Aja\system\Database\BaseConnection.php(575): CodeIgniter\Database\BaseConnection->initialize()
#2 C:\xampp\htdocs\Laporin_Aja\system\Database\BaseBuilder.php(1615): CodeIgniter\Database\BaseConnection->query('SELECT 1\nFROM `...', Array, false)
#3 C:\xampp\htdocs\Laporin_Aja\system\Validation\StrictRules\Rules.php(212): CodeIgniter\Database\BaseBuilder->get()
#4 C:\xampp\htdocs\Laporin_Aja\system\Validation\Validation.php(311): CodeIgniter\Validation\StrictRules\Rules->is_unique('FAJARSHIDIK', 'username', Array, NULL, 'username')
#5 C:\xampp\htdocs\Laporin_Aja\system\Validation\Validation.php(197): CodeIgniter\Validation\Validation->processRules('username', 'username', 'FAJARSHIDIK', Array, Array)
#6 C:\xampp\htdocs\Laporin_Aja\app\Controllers\Auth.php(42): CodeIgniter\Validation\Validation->run(Array, 'register')
#7 C:\xampp\htdocs\Laporin_Aja\system\CodeIgniter.php(942): App\Controllers\Auth->valid_register()
#8 C:\xampp\htdocs\Laporin_Aja\system\CodeIgniter.php(502): CodeIgniter\CodeIgniter->runController(Object(App\Controllers\Auth))
#9 C:\xampp\htdocs\Laporin_Aja\system\CodeIgniter.php(361): CodeIgniter\CodeIgniter->handleRequest(NULL, Object(Config\Cache), false)
#10 C:\xampp\htdocs\Laporin_Aja\public\index.php(79): CodeIgniter\CodeIgniter->run()
#11 C:\xampp\htdocs\Laporin_Aja\system\Commands\Server\rewrite.php(47): require_once('C:\\xampp\\htdocs...')
#12 {main}
CRITICAL - 2023-11-07 03:49:21 --> Unable to connect to the database.
Main connection [MySQLi]: Unknown database 'laporin_aja'
in SYSTEMPATH\Database\BaseConnection.php on line 428.
 1 SYSTEMPATH\Database\BaseConnection.php(575): CodeIgniter\Database\BaseConnection->initialize()
 2 SYSTEMPATH\Database\BaseBuilder.php(1615): CodeIgniter\Database\BaseConnection->query('SELECT 1
FROM `masyarakat`
WHERE `username` = :username:
 LIMIT 1', [...], false)
 3 SYSTEMPATH\Validation\StrictRules\Rules.php(212): CodeIgniter\Database\BaseBuilder->get()
 4 SYSTEMPATH\Validation\Validation.php(311): CodeIgniter\Validation\StrictRules\Rules->is_unique('FAJARSHIDIK', 'username', [...], null, 'username')
 5 SYSTEMPATH\Validation\Validation.php(197): CodeIgniter\Validation\Validation->processRules('username', 'username', 'FAJARSHIDIK', [...], [...])
 6 APPPATH\Controllers\Auth.php(42): CodeIgniter\Validation\Validation->run([...], 'register')
 7 SYSTEMPATH\CodeIgniter.php(942): App\Controllers\Auth->valid_register()
 8 SYSTEMPATH\CodeIgniter.php(502): CodeIgniter\CodeIgniter->runController(Object(App\Controllers\Auth))
 9 SYSTEMPATH\CodeIgniter.php(361): CodeIgniter\CodeIgniter->handleRequest(null, Object(Config\Cache), false)
10 FCPATH\index.php(79): CodeIgniter\CodeIgniter->run()
11 SYSTEMPATH\Commands\Server\rewrite.php(47): require_once('C:\\xampp\\htdocs\\Laporin_Aja\\public\\index.php')
=======
ERROR - 2023-11-07 03:48:18 --> mysqli_sql_exception: Table 'masyarakat' already exists in C:\xampp\htdocs\Laporin-Aja\system\Database\MySQLi\Connection.php:306
Stack trace:
#0 C:\xampp\htdocs\Laporin-Aja\system\Database\MySQLi\Connection.php(306): mysqli->query('CREATE TABLE `m...', 0)
#1 C:\xampp\htdocs\Laporin-Aja\system\Database\BaseConnection.php(693): CodeIgniter\Database\MySQLi\Connection->execute('CREATE TABLE `m...')
#2 C:\xampp\htdocs\Laporin-Aja\system\Database\BaseConnection.php(607): CodeIgniter\Database\BaseConnection->simpleQuery('CREATE TABLE `m...')
#3 C:\xampp\htdocs\Laporin-Aja\system\Database\Forge.php(546): CodeIgniter\Database\BaseConnection->query('CREATE TABLE `m...')
#4 C:\xampp\htdocs\Laporin-Aja\app\Database\Migrations\2023-11-07-032759_Masyarakat.php(46): CodeIgniter\Database\Forge->createTable('masyarakat')
#5 C:\xampp\htdocs\Laporin-Aja\system\Database\MigrationRunner.php(873): App\Database\Migrations\Masyarakat->up()
#6 C:\xampp\htdocs\Laporin-Aja\system\Database\MigrationRunner.php(188): CodeIgniter\Database\MigrationRunner->migrate('up', Object(stdClass))
#7 C:\xampp\htdocs\Laporin-Aja\system\Commands\Database\Migrate.php(84): CodeIgniter\Database\MigrationRunner->latest(NULL)
#8 C:\xampp\htdocs\Laporin-Aja\system\CLI\Commands.php(65): CodeIgniter\Commands\Database\Migrate->run(Array)
#9 C:\xampp\htdocs\Laporin-Aja\system\CLI\Console.php(46): CodeIgniter\CLI\Commands->run('migrate', Array)
#10 C:\xampp\htdocs\Laporin-Aja\spark(102): CodeIgniter\CLI\Console->run()
#11 {main}
>>>>>>> 6a782a363109bd1f21cf12d820998140e4f6f5d8
ERROR - 2023-11-07 04:07:25 --> mysqli_sql_exception: Incorrect table definition; there can be only one auto column and it must be defined as a key in C:\xampp\htdocs\Laporin_Aja\system\Database\MySQLi\Connection.php:306
Stack trace:
#0 C:\xampp\htdocs\Laporin_Aja\system\Database\MySQLi\Connection.php(306): mysqli->query('CREATE TABLE `p...', 0)
#1 C:\xampp\htdocs\Laporin_Aja\system\Database\BaseConnection.php(693): CodeIgniter\Database\MySQLi\Connection->execute('CREATE TABLE `p...')
#2 C:\xampp\htdocs\Laporin_Aja\system\Database\BaseConnection.php(607): CodeIgniter\Database\BaseConnection->simpleQuery('CREATE TABLE `p...')
#3 C:\xampp\htdocs\Laporin_Aja\system\Database\Forge.php(546): CodeIgniter\Database\BaseConnection->query('CREATE TABLE `p...')
#4 C:\xampp\htdocs\Laporin_Aja\app\Database\Migrations\2023-11-07-040524_Pengaduan.php(39): CodeIgniter\Database\Forge->createTable('pengaduan')
#5 C:\xampp\htdocs\Laporin_Aja\system\Database\MigrationRunner.php(873): App\Database\Migrations\Pengaduan->up()
#6 C:\xampp\htdocs\Laporin_Aja\system\Database\MigrationRunner.php(188): CodeIgniter\Database\MigrationRunner->migrate('up', Object(stdClass))
#7 C:\xampp\htdocs\Laporin_Aja\system\Commands\Database\Migrate.php(84): CodeIgniter\Database\MigrationRunner->latest(NULL)
#8 C:\xampp\htdocs\Laporin_Aja\system\CLI\Commands.php(65): CodeIgniter\Commands\Database\Migrate->run(Array)
#9 C:\xampp\htdocs\Laporin_Aja\system\CLI\Console.php(46): CodeIgniter\CLI\Commands->run('migrate', Array)
#10 C:\xampp\htdocs\Laporin_Aja\spark(102): CodeIgniter\CLI\Console->run()
#11 {main}
ERROR - 2023-11-07 04:09:41 --> mysqli_sql_exception: Incorrect table definition; there can be only one auto column and it must be defined as a key in C:\xampp\htdocs\Laporin_Aja\system\Database\MySQLi\Connection.php:306
Stack trace:
#0 C:\xampp\htdocs\Laporin_Aja\system\Database\MySQLi\Connection.php(306): mysqli->query('CREATE TABLE `p...', 0)
#1 C:\xampp\htdocs\Laporin_Aja\system\Database\BaseConnection.php(693): CodeIgniter\Database\MySQLi\Connection->execute('CREATE TABLE `p...')
#2 C:\xampp\htdocs\Laporin_Aja\system\Database\BaseConnection.php(607): CodeIgniter\Database\BaseConnection->simpleQuery('CREATE TABLE `p...')
#3 C:\xampp\htdocs\Laporin_Aja\system\Database\Forge.php(546): CodeIgniter\Database\BaseConnection->query('CREATE TABLE `p...')
#4 C:\xampp\htdocs\Laporin_Aja\app\Database\Migrations\2023-11-07-040524_Pengaduan.php(38): CodeIgniter\Database\Forge->createTable('pengaduan')
#5 C:\xampp\htdocs\Laporin_Aja\system\Database\MigrationRunner.php(873): App\Database\Migrations\Pengaduan->up()
#6 C:\xampp\htdocs\Laporin_Aja\system\Database\MigrationRunner.php(188): CodeIgniter\Database\MigrationRunner->migrate('up', Object(stdClass))
#7 C:\xampp\htdocs\Laporin_Aja\system\Commands\Database\Migrate.php(84): CodeIgniter\Database\MigrationRunner->latest(NULL)
#8 C:\xampp\htdocs\Laporin_Aja\system\CLI\Commands.php(65): CodeIgniter\Commands\Database\Migrate->run(Array)
#9 C:\xampp\htdocs\Laporin_Aja\system\CLI\Console.php(46): CodeIgniter\CLI\Commands->run('migrate', Array)
#10 C:\xampp\htdocs\Laporin_Aja\spark(102): CodeIgniter\CLI\Console->run()
#11 {main}
ERROR - 2023-11-07 04:10:50 --> mysqli_sql_exception: Incorrect table definition; there can be only one auto column and it must be defined as a key in C:\xampp\htdocs\Laporin_Aja\system\Database\MySQLi\Connection.php:306
Stack trace:
#0 C:\xampp\htdocs\Laporin_Aja\system\Database\MySQLi\Connection.php(306): mysqli->query('CREATE TABLE `p...', 0)
#1 C:\xampp\htdocs\Laporin_Aja\system\Database\BaseConnection.php(693): CodeIgniter\Database\MySQLi\Connection->execute('CREATE TABLE `p...')
#2 C:\xampp\htdocs\Laporin_Aja\system\Database\BaseConnection.php(607): CodeIgniter\Database\BaseConnection->simpleQuery('CREATE TABLE `p...')
#3 C:\xampp\htdocs\Laporin_Aja\system\Database\Forge.php(546): CodeIgniter\Database\BaseConnection->query('CREATE TABLE `p...')
#4 C:\xampp\htdocs\Laporin_Aja\app\Database\Migrations\2023-11-07-040524_Pengaduan.php(38): CodeIgniter\Database\Forge->createTable('pengaduan')
#5 C:\xampp\htdocs\Laporin_Aja\system\Database\MigrationRunner.php(873): App\Database\Migrations\Pengaduan->up()
#6 C:\xampp\htdocs\Laporin_Aja\system\Database\MigrationRunner.php(188): CodeIgniter\Database\MigrationRunner->migrate('up', Object(stdClass))
#7 C:\xampp\htdocs\Laporin_Aja\system\Commands\Database\Migrate.php(84): CodeIgniter\Database\MigrationRunner->latest(NULL)
#8 C:\xampp\htdocs\Laporin_Aja\system\CLI\Commands.php(65): CodeIgniter\Commands\Database\Migrate->run(Array)
#9 C:\xampp\htdocs\Laporin_Aja\system\CLI\Console.php(46): CodeIgniter\CLI\Commands->run('migrate', Array)
#10 C:\xampp\htdocs\Laporin_Aja\spark(102): CodeIgniter\CLI\Console->run()
#11 {main}
INFO - 2023-11-07 04:12:38 --> Session: Class initialized using 'CodeIgniter\Session\Handlers\FileHandler' driver.
INFO - 2023-11-07 04:12:47 --> Session: Class initialized using 'CodeIgniter\Session\Handlers\FileHandler' driver.
